remote: error: GH013: Repository rule violations found for refs/heads/main.        
remote: 
remote: - GITHUB PUSH PROTECTION        
remote:   —————————————————————————————————————————        
remote:     Resolve the following violations before pushing again        
remote: 
remote:     - Push cannot contain secrets        
remote: 
remote:             
remote:      (?) Learn how to resolve a blocked push        
remote:      https://docs.github.com/code-security/secret-scanning/working-with-secret-scanning-and-push-protection/working-with-push-protection-from-the-command-line#resolving-a-blocked-push        
remote:             
remote:             
remote:       —— Apify API Token ———————————————————————————————————        
remote:        locations:        
remote:          - commit: ffafca1ab282cf96b50f7c26f89aca89655ce92a        
remote:            path: .env.example:16        
remote:             
remote:        (?) To push, remove secret from commit(s) or follow this URL to allow the secret.        
remote:        https://github.com/alabrida/crawlee-social-actor/security/secret-scanning/unblock-secret/3AsAH0lhO6UM2QLZENMwCIRa0dh        
remote:             
remote: 
remote: 
To https://github.com/alabrida/crawlee-social-actor.git
 ! [remote rejected] main -> main (push declined due to repository rule violations)
error: failed to push some refs to 'https://github.com/alabrida/crawlee-social-actor.git'
